Base path: 'E:/UNITY/2019.4.12f1/Editor/Data', plugins path 'E:/UNITY/2019.4.12f1/Editor/Data/PlaybackEngines'
Cmd: initializeCompiler
Cmd: preprocess
  insize=811 outsize=209 ok=1
Cmd: preprocess
  insize=811 outsize=209 ok=1
Cmd: preprocess
  insize=811 outsize=209 ok=1
Cmd: preprocess
  insize=811 outsize=209 ok=1
Cmd: preprocess
  insize=811 outsize=209 ok=1
Cmd: preprocess
  insize=811 outsize=209 ok=1
Cmd: preprocess
  insize=811 outsize=209 ok=1
Cmd: preprocess
  insize=811 outsize=209 ok=1
Cmd: preprocess
  insize=811 outsize=209 ok=1
Cmd: preprocess
  insize=811 outsize=209 ok=1
Cmd: preprocess
  insize=811 outsize=209 ok=1
Cmd: preprocess
  insize=811 outsize=209 ok=1
Cmd: preprocess
  insize=811 outsize=209 ok=1
Cmd: preprocess
  insize=811 outsize=209 ok=1
Cmd: preprocess
  insize=811 outsize=209 ok=1
Cmd: preprocess
  insize=811 outsize=209 ok=1
Cmd: preprocess
  insize=811 outsize=209 ok=1
Cmd: preprocess
  insize=811 outsize=209 ok=1
Cmd: preprocess
  insize=811 outsize=209 ok=1
Cmd: preprocess
  insize=811 outsize=209 ok=1
Cmd: preprocess
  insize=811 outsize=209 ok=1
Cmd: preprocess
  insize=811 outsize=209 ok=1
Cmd: preprocess
  insize=811 outsize=209 ok=1
Cmd: preprocess
  insize=811 outsize=209 ok=1
Cmd: preprocess
  insize=811 outsize=209 ok=1
Cmd: preprocess
  insize=811 outsize=209 ok=1
Cmd: preprocess
  insize=811 outsize=209 ok=1
Cmd: preprocess
  insize=811 outsize=209 ok=1
Cmd: preprocess
  insize=811 outsize=209 ok=1
Cmd: preprocess
  insize=811 outsize=209 ok=1
Cmd: preprocess
  insize=811 outsize=209 ok=1
Cmd: preprocess
  insize=811 outsize=209 ok=1
Cmd: preprocess
  insize=811 outsize=209 ok=1
Cmd: preprocess
  insize=811 outsize=209 ok=1
Cmd: preprocess
  insize=811 outsize=209 ok=1
Cmd: preprocess
  insize=811 outsize=209 ok=1
Cmd: preprocess
  insize=811 outsize=209 ok=1
Cmd: preprocess
  insize=811 outsize=209 ok=1
Cmd: preprocess
  insize=811 outsize=209 ok=1
Cmd: preprocess
  insize=811 outsize=209 ok=1
Cmd: preprocess
  insize=811 outsize=209 ok=1
Cmd: preprocess
  insize=811 outsize=209 ok=1
Cmd: preprocess
  insize=811 outsize=209 ok=1
Cmd: preprocess
  insize=811 outsize=209 ok=1
Cmd: preprocess
  insize=811 outsize=209 ok=1
Cmd: preprocess
  insize=811 outsize=209 ok=1
Cmd: preprocess
  insize=811 outsize=209 ok=1
Cmd: preprocess
  insize=811 outsize=209 ok=1
Cmd: preprocess
  insize=811 outsize=209 ok=1
Cmd: preprocess
  insize=811 outsize=209 ok=1
Cmd: preprocess
  insize=811 outsize=209 ok=1
Cmd: preprocess
  insize=811 outsize=209 ok=1
Cmd: preprocess
  insize=811 outsize=209 ok=1
Cmd: preprocess
  insize=811 outsize=209 ok=1
Cmd: preprocess
  insize=811 outsize=209 ok=1
Cmd: preprocess
  insize=811 outsize=209 ok=1
Cmd: preprocess
  insize=811 outsize=209 ok=1
Cmd: preprocess
  insize=811 outsize=209 ok=1
Cmd: preprocess
  insize=811 outsize=209 ok=1
Cmd: preprocess
  insize=811 outsize=209 ok=1
Cmd: preprocess
  insize=811 outsize=209 ok=1
Cmd: preprocess
  insize=811 outsize=209 ok=1
Cmd: preprocess
  insize=811 outsize=209 ok=1
Cmd: preprocess
  insize=811 outsize=209 ok=1
Cmd: preprocess
  insize=811 outsize=209 ok=1
Cmd: preprocess
  insize=811 outsize=209 ok=1
Cmd: preprocess
  insize=811 outsize=209 ok=1
Cmd: preprocess
  insize=811 outsize=209 ok=1
Cmd: preprocess
  insize=811 outsize=209 ok=1
Cmd: preprocess
  insize=811 outsize=209 ok=1
Cmd: preprocess
  insize=811 outsize=209 ok=1
Cmd: preprocess
  insize=811 outsize=209 ok=1
Cmd: preprocess
  insize=811 outsize=209 ok=1
Cmd: preprocess
  insize=811 outsize=209 ok=1
Cmd: preprocess
  insize=811 outsize=209 ok=1
Cmd: preprocess
  insize=811 outsize=209 ok=1
Cmd: preprocess
  insize=811 outsize=209 ok=1
Cmd: preprocess
  insize=811 outsize=209 ok=1
Cmd: preprocess
  insize=811 outsize=209 ok=1
Cmd: preprocess
  insize=811 outsize=209 ok=1
Cmd: preprocess
  insize=811 outsize=209 ok=1
Cmd: preprocess
  insize=811 outsize=209 ok=1
Cmd: preprocess
  insize=811 outsize=209 ok=1
Cmd: preprocess
  insize=811 outsize=209 ok=1
Cmd: preprocess
  insize=811 outsize=209 ok=1
Cmd: preprocess
  insize=811 outsize=209 ok=1
Cmd: preprocess
  insize=811 outsize=209 ok=1
Cmd: preprocess
  insize=811 outsize=209 ok=1
Cmd: preprocess
  insize=811 outsize=209 ok=1
Cmd: preprocess
  insize=811 outsize=209 ok=1
Cmd: preprocess
  insize=811 outsize=209 ok=1
Cmd: preprocess
  insize=811 outsize=209 ok=1
Cmd: preprocess
  insize=811 outsize=209 ok=1
Cmd: preprocess
  insize=811 outsize=209 ok=1
Cmd: preprocess
  insize=811 outsize=209 ok=1
Cmd: preprocess
  insize=811 outsize=209 ok=1
Cmd: preprocess
  insize=811 outsize=209 ok=1
Cmd: preprocess
  insize=20405 outsize=852 ok=1
Cmd: preprocess
  insize=19962 outsize=852 ok=1
Cmd: preprocess
  insize=4492 outsize=845 ok=1
Cmd: preprocess
  insize=3876 outsize=846 ok=1
Cmd: preprocess
  insize=3876 outsize=847 ok=1
Cmd: preprocess
  insize=4490 outsize=845 ok=1
Cmd: preprocess
  insize=17985 outsize=851 ok=1
Cmd: preprocess
  insize=15754 outsize=851 ok=1
Cmd: preprocess
  insize=3876 outsize=847 ok=1
Cmd: preprocess
  insize=4488 outsize=844 ok=1
Cmd: preprocess
  insize=3876 outsize=847 ok=1
Cmd: preprocess
  insize=14647 outsize=852 ok=1
Cmd: preprocess
  insize=3875 outsize=847 ok=1
Cmd: preprocess
  insize=4487 outsize=845 ok=1
Cmd: preprocess
  insize=4487 outsize=845 ok=1
Cmd: preprocess
  insize=3875 outsize=847 ok=1
Cmd: preprocess
  insize=3875 outsize=847 ok=1
Cmd: preprocess
  insize=87686 outsize=2306 ok=1
Cmd: preprocess
  insize=4317 outsize=853 ok=1
Cmd: preprocess
  insize=5035 outsize=850 ok=1
Cmd: preprocess
  insize=6399 outsize=852 ok=1
Cmd: preprocess
  insize=7511 outsize=852 ok=1
Cmd: preprocess
  insize=8625 outsize=852 ok=1
Cmd: preprocess
  insize=9730 outsize=851 ok=1
Cmd: preprocess
  insize=10844 outsize=852 ok=1
Cmd: preprocess
  insize=11958 outsize=852 ok=1
Cmd: preprocess
  insize=3873 outsize=847 ok=1
Cmd: preprocess
  insize=4489 outsize=845 ok=1
Cmd: preprocess
  insize=13072 outsize=852 ok=1
Cmd: preprocess
  insize=3875 outsize=847 ok=1
Cmd: preprocess
  insize=3875 outsize=847 ok=1
Cmd: preprocess
  insize=4477 outsize=840 ok=1
Cmd: preprocess
  insize=3875 outsize=847 ok=1
Cmd: preprocess
  insize=4489 outsize=845 ok=1
Cmd: preprocess
  insize=4489 outsize=845 ok=1
Cmd: preprocess
  insize=3875 outsize=847 ok=1
Cmd: preprocess
  insize=4489 outsize=845 ok=1
Cmd: preprocess
  insize=3875 outsize=847 ok=1
Cmd: preprocess
  insize=13533 outsize=852 ok=1
Cmd: preprocess
  insize=18446 outsize=852 ok=1
Cmd: preprocess
  insize=3875 outsize=847 ok=1
Cmd: preprocess
  insize=3875 outsize=847 ok=1
Cmd: preprocess
  insize=3875 outsize=847 ok=1
Cmd: preprocess
  insize=3875 outsize=847 ok=1
Cmd: preprocess
  insize=3875 outsize=847 ok=1
Cmd: preprocess
  insize=3876 outsize=847 ok=1
Cmd: preprocess
  insize=3876 outsize=846 ok=1
Cmd: preprocess
  insize=16870 outsize=852 ok=1
Cmd: preprocess
  insize=3876 outsize=847 ok=1
Cmd: preprocess
  insize=4490 outsize=845 ok=1
Cmd: preprocess
  insize=3876 outsize=847 ok=1
Cmd: preprocess
  insize=3870 outsize=846 ok=1
Cmd: preprocess
  insize=3876 outsize=847 ok=1
Cmd: preprocess
  insize=4431 outsize=845 ok=1
Cmd: preprocess
  insize=19502 outsize=851 ok=1
Cmd: compileSnippet
  api=4 type=0 insize=25442 outsize=978 kw=USE_SHAPE_LIGHT_TYPE_0 pd=UNITY_ENABLE_REFLECTION_BUFFERS UNITY_USE_DITHER_MASK_FOR_ALPHABLENDED_SHADOWS UNITY_PBS_USE_BRDF1 UNITY_SPECCUBE_BOX_PROJECTION UNITY_SPECCUBE_BLENDING UNITY_ENABLE_DETAIL_NORMALMAP SHADER_API_DESKTOP UNITY_COLORSPACE_GAMMA UNITY_LIGHT_PROBE_PROXY_VOLUME UNITY_LIGHTMAP_FULL_HDR ok=1
Cmd: compileSnippet
  api=4 type=1 insize=25442 outsize=6342 kw=USE_SHAPE_LIGHT_TYPE_0 pd=UNITY_ENABLE_REFLECTION_BUFFERS UNITY_USE_DITHER_MASK_FOR_ALPHABLENDED_SHADOWS UNITY_PBS_USE_BRDF1 UNITY_SPECCUBE_BOX_PROJECTION UNITY_SPECCUBE_BLENDING UNITY_ENABLE_DETAIL_NORMALMAP SHADER_API_DESKTOP UNITY_COLORSPACE_GAMMA UNITY_LIGHT_PROBE_PROXY_VOLUME UNITY_LIGHTMAP_FULL_HDR ok=1
Cmd: preprocess
  insize=811 outsize=209 ok=1
Cmd: preprocess
  insize=811 outsize=209 ok=1
Cmd: preprocess
  insize=811 outsize=209 ok=1
Cmd: preprocess
  insize=811 outsize=209 ok=1
Cmd: preprocess
  insize=811 outsize=209 ok=1
Cmd: preprocess
  insize=811 outsize=209 ok=1
Cmd: preprocess
  insize=811 outsize=209 ok=1
Cmd: preprocess
  insize=811 outsize=209 ok=1
Cmd: preprocess
  insize=811 outsize=209 ok=1
Cmd: preprocess
  insize=811 outsize=209 ok=1
Cmd: preprocess
  insize=811 outsize=209 ok=1
Cmd: preprocess
  insize=811 outsize=209 ok=1
Cmd: preprocess
  insize=811 outsize=209 ok=1
Cmd: preprocess
  insize=811 outsize=209 ok=1
Cmd: preprocess
  insize=811 outsize=209 ok=1
Cmd: preprocess
  insize=811 outsize=209 ok=1
Cmd: preprocess
  insize=811 outsize=209 ok=1
Cmd: preprocess
  insize=811 outsize=209 ok=1
Cmd: preprocess
  insize=811 outsize=209 ok=1
Cmd: preprocess
  insize=811 outsize=209 ok=1
Cmd: preprocess
  insize=811 outsize=209 ok=1
Cmd: preprocess
  insize=811 outsize=209 ok=1
Cmd: preprocess
  insize=811 outsize=209 ok=1
Cmd: preprocess
  insize=811 outsize=209 ok=1
Cmd: preprocess
  insize=811 outsize=209 ok=1
Cmd: preprocess
  insize=811 outsize=209 ok=1
Cmd: preprocess
  insize=811 outsize=209 ok=1
Cmd: preprocess
  insize=811 outsize=209 ok=1
Cmd: preprocess
  insize=811 outsize=209 ok=1
Cmd: preprocess
  insize=811 outsize=209 ok=1
Cmd: preprocess
  insize=811 outsize=209 ok=1
Cmd: preprocess
  insize=811 outsize=209 ok=1
Cmd: preprocess
  insize=811 outsize=209 ok=1
Cmd: preprocess
  insize=811 outsize=209 ok=1
Cmd: preprocess
  insize=811 outsize=209 ok=1
Cmd: preprocess
  insize=811 outsize=209 ok=1
Cmd: preprocess
  insize=811 outsize=209 ok=1
Cmd: preprocess
  insize=811 outsize=209 ok=1
Cmd: preprocess
  insize=811 outsize=209 ok=1
Cmd: preprocess
  insize=811 outsize=209 ok=1
Cmd: preprocess
  insize=811 outsize=209 ok=1
Cmd: preprocess
  insize=811 outsize=209 ok=1
Cmd: preprocess
  insize=811 outsize=209 ok=1
Cmd: preprocess
  insize=811 outsize=209 ok=1
Cmd: preprocess
  insize=811 outsize=209 ok=1
Cmd: preprocess
  insize=811 outsize=209 ok=1
Cmd: preprocess
  insize=811 outsize=209 ok=1
Cmd: preprocess
  insize=811 outsize=209 ok=1
Cmd: preprocess
  insize=811 outsize=209 ok=1
Cmd: preprocess
  insize=811 outsize=209 ok=1
Cmd: preprocess
  insize=811 outsize=209 ok=1
Cmd: preprocess
  insize=811 outsize=209 ok=1
Cmd: preprocess
  insize=811 outsize=209 ok=1
Cmd: preprocess
  insize=811 outsize=209 ok=1
Cmd: preprocess
  insize=811 outsize=209 ok=1
Cmd: preprocess
  insize=811 outsize=209 ok=1
Cmd: preprocess
  insize=811 outsize=209 ok=1
Cmd: preprocess
  insize=811 outsize=209 ok=1
Cmd: preprocess
  insize=811 outsize=209 ok=1
Cmd: preprocess
  insize=811 outsize=209 ok=1
Cmd: preprocess
  insize=811 outsize=209 ok=1
Cmd: preprocess
  insize=811 outsize=209 ok=1
Cmd: preprocess
  insize=811 outsize=209 ok=1
Cmd: preprocess
  insize=811 outsize=209 ok=1
Cmd: preprocess
  insize=811 outsize=209 ok=1
Cmd: preprocess
  insize=811 outsize=209 ok=1
Cmd: preprocess
  insize=811 outsize=209 ok=1
Cmd: preprocess
  insize=811 outsize=209 ok=1
Cmd: preprocess
  insize=811 outsize=209 ok=1
Cmd: preprocess
  insize=811 outsize=209 ok=1
Cmd: preprocess
  insize=811 outsize=209 ok=1
Cmd: preprocess
  insize=811 outsize=209 ok=1
Cmd: preprocess
  insize=811 outsize=209 ok=1
Cmd: preprocess
  insize=811 outsize=209 ok=1
Cmd: preprocess
  insize=811 outsize=209 ok=1
Cmd: preprocess
  insize=811 outsize=209 ok=1
Cmd: preprocess
  insize=811 outsize=209 ok=1
Cmd: preprocess
  insize=811 outsize=209 ok=1
Cmd: preprocess
  insize=811 outsize=209 ok=1
Cmd: preprocess
  insize=811 outsize=209 ok=1
Cmd: preprocess
  insize=811 outsize=209 ok=1
Cmd: preprocess
  insize=811 outsize=209 ok=1
Cmd: preprocess
  insize=811 outsize=209 ok=1
Cmd: preprocess
  insize=811 outsize=209 ok=1
Cmd: preprocess
  insize=811 outsize=209 ok=1
Cmd: preprocess
  insize=811 outsize=209 ok=1
Cmd: preprocess
  insize=811 outsize=209 ok=1
Cmd: preprocess
  insize=811 outsize=209 ok=1
Cmd: preprocess
  insize=811 outsize=209 ok=1
Cmd: preprocess
  insize=811 outsize=209 ok=1
Cmd: preprocess
  insize=811 outsize=209 ok=1
Cmd: preprocess
  insize=811 outsize=209 ok=1
Cmd: preprocess
  insize=811 outsize=209 ok=1
Cmd: preprocess
  insize=811 outsize=209 ok=1
Cmd: preprocess
  insize=811 outsize=209 ok=1
Cmd: preprocess
  insize=811 outsize=209 ok=1
Cmd: preprocess
  insize=811 outsize=209 ok=1
Cmd: preprocess
  insize=20405 outsize=852 ok=1
Cmd: preprocess
  insize=19962 outsize=852 ok=1
Cmd: preprocess
  insize=4492 outsize=845 ok=1
Cmd: preprocess
  insize=3876 outsize=846 ok=1
Cmd: preprocess
  insize=3876 outsize=847 ok=1
Cmd: preprocess
  insize=4490 outsize=845 ok=1
Cmd: preprocess
  insize=17985 outsize=851 ok=1
Cmd: preprocess
  insize=15754 outsize=851 ok=1
Cmd: preprocess
  insize=3876 outsize=847 ok=1
Cmd: preprocess
  insize=4488 outsize=844 ok=1
Cmd: preprocess
  insize=3876 outsize=847 ok=1
Cmd: preprocess
  insize=14647 outsize=852 ok=1
Cmd: preprocess
  insize=3875 outsize=847 ok=1
Cmd: preprocess
  insize=4487 outsize=845 ok=1
Cmd: preprocess
  insize=4487 outsize=845 ok=1
Cmd: preprocess
  insize=3875 outsize=847 ok=1
Cmd: preprocess
  insize=3875 outsize=847 ok=1
Cmd: preprocess
  insize=87686 outsize=2306 ok=1
Cmd: preprocess
  insize=4317 outsize=853 ok=1
Cmd: preprocess
  insize=5035 outsize=850 ok=1
Cmd: preprocess
  insize=6399 outsize=852 ok=1
Cmd: preprocess
  insize=7511 outsize=852 ok=1
Cmd: preprocess
  insize=8625 outsize=852 ok=1
Cmd: preprocess
  insize=9730 outsize=851 ok=1
Cmd: preprocess
  insize=10844 outsize=852 ok=1
Cmd: preprocess
  insize=11958 outsize=852 ok=1
Cmd: preprocess
  insize=3873 outsize=847 ok=1
Cmd: preprocess
  insize=4489 outsize=845 ok=1
Cmd: preprocess
  insize=13072 outsize=852 ok=1
Cmd: preprocess
  insize=3875 outsize=847 ok=1
Cmd: preprocess
  insize=3875 outsize=847 ok=1
Cmd: preprocess
  insize=4477 outsize=840 ok=1
Cmd: preprocess
  insize=3875 outsize=847 ok=1
Cmd: preprocess
  insize=4489 outsize=845 ok=1
Cmd: preprocess
  insize=4489 outsize=845 ok=1
Cmd: preprocess
  insize=3875 outsize=847 ok=1
Cmd: preprocess
  insize=4489 outsize=845 ok=1
Cmd: preprocess
  insize=3875 outsize=847 ok=1
Cmd: preprocess
  insize=13533 outsize=852 ok=1
Cmd: preprocess
  insize=18446 outsize=852 ok=1
Cmd: preprocess
  insize=3875 outsize=847 ok=1
Cmd: preprocess
  insize=3875 outsize=847 ok=1
Cmd: preprocess
  insize=3875 outsize=847 ok=1
Cmd: preprocess
  insize=3875 outsize=847 ok=1
Cmd: preprocess
  insize=3875 outsize=847 ok=1
Cmd: preprocess
  insize=3876 outsize=847 ok=1
Cmd: preprocess
  insize=3876 outsize=846 ok=1
Cmd: preprocess
  insize=16870 outsize=852 ok=1
Cmd: preprocess
  insize=3876 outsize=847 ok=1
Cmd: preprocess
  insize=4490 outsize=845 ok=1
Cmd: preprocess
  insize=3876 outsize=847 ok=1
Cmd: preprocess
  insize=3870 outsize=846 ok=1
Cmd: preprocess
  insize=3876 outsize=847 ok=1
Cmd: preprocess
  insize=4431 outsize=845 ok=1
Cmd: preprocess
  insize=19502 outsize=851 ok=1
Cmd: preprocess
  insize=811 outsize=209 ok=1
Cmd: preprocess
  insize=811 outsize=209 ok=1
Cmd: preprocess
  insize=811 outsize=209 ok=1
Cmd: preprocess
  insize=811 outsize=209 ok=1
Cmd: preprocess
  insize=811 outsize=209 ok=1
Cmd: preprocess
  insize=811 outsize=209 ok=1
Cmd: preprocess
  insize=811 outsize=209 ok=1
Cmd: preprocess
  insize=811 outsize=209 ok=1
Cmd: preprocess
  insize=811 outsize=209 ok=1
Cmd: preprocess
  insize=811 outsize=209 ok=1
Cmd: preprocess
  insize=811 outsize=209 ok=1
Cmd: preprocess
  insize=811 outsize=209 ok=1
Cmd: preprocess
  insize=811 outsize=209 ok=1
Cmd: preprocess
  insize=811 outsize=209 ok=1
Cmd: preprocess
  insize=811 outsize=209 ok=1
Cmd: preprocess
  insize=811 outsize=209 ok=1
Cmd: preprocess
  insize=811 outsize=209 ok=1
Cmd: preprocess
  insize=811 outsize=209 ok=1
Cmd: preprocess
  insize=811 outsize=209 ok=1
Cmd: preprocess
  insize=811 outsize=209 ok=1
Cmd: preprocess
  insize=811 outsize=209 ok=1
Cmd: preprocess
  insize=811 outsize=209 ok=1
Cmd: preprocess
  insize=811 outsize=209 ok=1
Cmd: preprocess
  insize=811 outsize=209 ok=1
Cmd: preprocess
  insize=811 outsize=209 ok=1
Cmd: preprocess
  insize=811 outsize=209 ok=1
Cmd: preprocess
  insize=811 outsize=209 ok=1
Cmd: preprocess
  insize=811 outsize=209 ok=1
Cmd: preprocess
  insize=811 outsize=209 ok=1
Cmd: preprocess
  insize=811 outsize=209 ok=1
Cmd: preprocess
  insize=811 outsize=209 ok=1
Cmd: preprocess
  insize=811 outsize=209 ok=1
Cmd: preprocess
  insize=811 outsize=209 ok=1
Cmd: preprocess
  insize=811 outsize=209 ok=1
Cmd: preprocess
  insize=811 outsize=209 ok=1
Cmd: preprocess
  insize=811 outsize=209 ok=1
Cmd: preprocess
  insize=811 outsize=209 ok=1
Cmd: preprocess
  insize=811 outsize=209 ok=1
Cmd: preprocess
  insize=811 outsize=209 ok=1
Cmd: preprocess
  insize=811 outsize=209 ok=1
Cmd: preprocess
  insize=811 outsize=209 ok=1
Cmd: preprocess
  insize=811 outsize=209 ok=1
Cmd: preprocess
  insize=811 outsize=209 ok=1
Cmd: preprocess
  insize=811 outsize=209 ok=1
Cmd: preprocess
  insize=811 outsize=209 ok=1
Cmd: preprocess
  insize=811 outsize=209 ok=1
Cmd: preprocess
  insize=811 outsize=209 ok=1
Cmd: preprocess
  insize=811 outsize=209 ok=1
Cmd: preprocess
  insize=811 outsize=209 ok=1
Cmd: preprocess
  insize=811 outsize=209 ok=1
Cmd: preprocess
  insize=811 outsize=209 ok=1
Cmd: preprocess
  insize=811 outsize=209 ok=1
Cmd: preprocess
  insize=811 outsize=209 ok=1
Cmd: preprocess
  insize=811 outsize=209 ok=1
Cmd: preprocess
  insize=811 outsize=209 ok=1
Cmd: preprocess
  insize=811 outsize=209 ok=1
Cmd: preprocess
  insize=811 outsize=209 ok=1
Cmd: preprocess
  insize=811 outsize=209 ok=1
Cmd: preprocess
  insize=811 outsize=209 ok=1
Cmd: preprocess
  insize=811 outsize=209 ok=1
Cmd: preprocess
  insize=811 outsize=209 ok=1
Cmd: preprocess
  insize=811 outsize=209 ok=1
Cmd: preprocess
  insize=811 outsize=209 ok=1
Cmd: preprocess
  insize=811 outsize=209 ok=1
Cmd: preprocess
  insize=811 outsize=209 ok=1
Cmd: preprocess
  insize=811 outsize=209 ok=1
Cmd: preprocess
  insize=811 outsize=209 ok=1
Cmd: preprocess
  insize=811 outsize=209 ok=1
Cmd: preprocess
  insize=811 outsize=209 ok=1
Cmd: preprocess
  insize=811 outsize=209 ok=1
Cmd: preprocess
  insize=811 outsize=209 ok=1
Cmd: preprocess
  insize=811 outsize=209 ok=1
Cmd: preprocess
  insize=811 outsize=209 ok=1
Cmd: preprocess
  insize=811 outsize=209 ok=1
Cmd: preprocess
  insize=811 outsize=209 ok=1
Cmd: preprocess
  insize=811 outsize=209 ok=1
Cmd: preprocess
  insize=811 outsize=209 ok=1
Cmd: preprocess
  insize=811 outsize=209 ok=1
Cmd: preprocess
  insize=811 outsize=209 ok=1
Cmd: preprocess
  insize=811 outsize=209 ok=1
Cmd: preprocess
  insize=811 outsize=209 ok=1
Cmd: preprocess
  insize=811 outsize=209 ok=1
Cmd: preprocess
  insize=811 outsize=209 ok=1
Cmd: preprocess
  insize=811 outsize=209 ok=1
Cmd: preprocess
  insize=811 outsize=209 ok=1
Cmd: preprocess
  insize=811 outsize=209 ok=1
Cmd: preprocess
  insize=811 outsize=209 ok=1
Cmd: preprocess
  insize=811 outsize=209 ok=1
Cmd: preprocess
  insize=811 outsize=209 ok=1
Cmd: preprocess
  insize=811 outsize=209 ok=1
Cmd: preprocess
  insize=811 outsize=209 ok=1
Cmd: preprocess
  insize=811 outsize=209 ok=1
Cmd: preprocess
  insize=811 outsize=209 ok=1
Cmd: preprocess
  insize=811 outsize=209 ok=1
Cmd: preprocess
  insize=811 outsize=209 ok=1
Cmd: preprocess
  insize=811 outsize=209 ok=1
Cmd: preprocess
  insize=811 outsize=209 ok=1
Cmd: preprocess
  insize=20405 outsize=852 ok=1
Cmd: preprocess
  insize=19962 outsize=852 ok=1
Cmd: preprocess
  insize=4492 outsize=845 ok=1
Cmd: preprocess
  insize=3876 outsize=846 ok=1
Cmd: preprocess
  insize=3876 outsize=847 ok=1
Cmd: preprocess
  insize=4490 outsize=845 ok=1
Cmd: preprocess
  insize=17985 outsize=851 ok=1
Cmd: preprocess
  insize=15754 outsize=851 ok=1
Cmd: preprocess
  insize=3876 outsize=847 ok=1
Cmd: preprocess
  insize=4488 outsize=844 ok=1
Cmd: preprocess
  insize=3876 outsize=847 ok=1
Cmd: preprocess
  insize=14647 outsize=852 ok=1
Cmd: preprocess
  insize=3875 outsize=847 ok=1
Cmd: preprocess
  insize=4487 outsize=845 ok=1
Cmd: preprocess
  insize=4487 outsize=845 ok=1
Cmd: preprocess
  insize=3875 outsize=847 ok=1
Cmd: preprocess
  insize=3875 outsize=847 ok=1
Cmd: preprocess
  insize=87686 outsize=2306 ok=1
Cmd: preprocess
  insize=4317 outsize=853 ok=1
Cmd: preprocess
  insize=5035 outsize=850 ok=1
Cmd: preprocess
  insize=6399 outsize=852 ok=1
Cmd: preprocess
  insize=7511 outsize=852 ok=1
Cmd: preprocess
  insize=8625 outsize=852 ok=1
Cmd: preprocess
  insize=9730 outsize=851 ok=1
Cmd: preprocess
  insize=10844 outsize=852 ok=1
Cmd: preprocess
  insize=11958 outsize=852 ok=1
Cmd: preprocess
  insize=3873 outsize=847 ok=1
Cmd: preprocess
  insize=4489 outsize=845 ok=1
Cmd: preprocess
  insize=13072 outsize=852 ok=1
Cmd: preprocess
  insize=3875 outsize=847 ok=1
Cmd: preprocess
  insize=3875 outsize=847 ok=1
Cmd: preprocess
  insize=4477 outsize=840 ok=1
Cmd: preprocess
  insize=3875 outsize=847 ok=1
Cmd: preprocess
  insize=4489 outsize=845 ok=1
Cmd: preprocess
  insize=4489 outsize=845 ok=1
Cmd: preprocess
  insize=3875 outsize=847 ok=1
Cmd: preprocess
  insize=4489 outsize=845 ok=1
Cmd: preprocess
  insize=3875 outsize=847 ok=1
Cmd: preprocess
  insize=13533 outsize=852 ok=1
Cmd: preprocess
  insize=18446 outsize=852 ok=1
Cmd: preprocess
  insize=3875 outsize=847 ok=1
Cmd: preprocess
  insize=3875 outsize=847 ok=1
Cmd: preprocess
  insize=3875 outsize=847 ok=1
Cmd: preprocess
  insize=3875 outsize=847 ok=1
Cmd: preprocess
  insize=3875 outsize=847 ok=1
Cmd: preprocess
  insize=3876 outsize=847 ok=1
Cmd: preprocess
  insize=3876 outsize=846 ok=1
Cmd: preprocess
  insize=16870 outsize=852 ok=1
Cmd: preprocess
  insize=3876 outsize=847 ok=1
Cmd: preprocess
  insize=4490 outsize=845 ok=1
Cmd: preprocess
  insize=3876 outsize=847 ok=1
Cmd: preprocess
  insize=3870 outsize=846 ok=1
Cmd: preprocess
  insize=3876 outsize=847 ok=1
Cmd: preprocess
  insize=4431 outsize=845 ok=1
Cmd: preprocess
  insize=19502 outsize=851 ok=1
Cmd: preprocess
  insize=3870 outsize=846 ok=1
Cmd: preprocess
  insize=3876 outsize=847 ok=1
Cmd: preprocess
  insize=4431 outsize=845 ok=1
Cmd: preprocess
  insize=19502 outsize=851 ok=1
Cmd: preprocess
  insize=19962 outsize=852 ok=1
Cmd: preprocess
  insize=20405 outsize=852 ok=1
Cmd: preprocess
  insize=87686 outsize=2306 ok=1
Cmd: preprocess
  insize=18446 outsize=852 ok=1
Cmd: preprocess
  insize=3876 outsize=847 ok=1
Cmd: preprocess
  insize=4490 outsize=845 ok=1
Cmd: preprocess
  insize=17985 outsize=851 ok=1
Cmd: preprocess
  insize=3876 outsize=847 ok=1
Cmd: preprocess
  insize=3876 outsize=846 ok=1
Cmd: preprocess
  insize=4490 outsize=845 ok=1
Cmd: preprocess
  insize=16870 outsize=852 ok=1
Cmd: preprocess
  insize=3876 outsize=847 ok=1
Cmd: preprocess
  insize=3876 outsize=846 ok=1
Cmd: preprocess
  insize=4492 outsize=845 ok=1
Cmd: preprocess
  insize=15754 outsize=851 ok=1
Cmd: preprocess
  insize=3875 outsize=847 ok=1
Cmd: preprocess
  insize=4489 outsize=845 ok=1
Cmd: preprocess
  insize=13072 outsize=852 ok=1
Cmd: preprocess
  insize=13533 outsize=852 ok=1
Cmd: preprocess
  insize=14647 outsize=852 ok=1
Cmd: preprocess
  insize=3875 outsize=847 ok=1
Cmd: preprocess
  insize=4489 outsize=845 ok=1
Cmd: preprocess
  insize=11958 outsize=852 ok=1
Cmd: preprocess
  insize=3875 outsize=847 ok=1
Cmd: preprocess
  insize=4489 outsize=845 ok=1
Cmd: preprocess
  insize=10844 outsize=852 ok=1
Cmd: preprocess
  insize=3875 outsize=847 ok=1
Cmd: preprocess
  insize=4477 outsize=840 ok=1
Cmd: preprocess
  insize=9730 outsize=851 ok=1
Cmd: preprocess
  insize=3875 outsize=847 ok=1
Cmd: preprocess
  insize=4489 outsize=845 ok=1
Cmd: preprocess
  insize=8625 outsize=852 ok=1
Cmd: preprocess
  insize=3875 outsize=847 ok=1
Cmd: preprocess
  insize=4487 outsize=845 ok=1
Cmd: preprocess
  insize=7511 outsize=852 ok=1
Cmd: preprocess
  insize=3875 outsize=847 ok=1
Cmd: preprocess
  insize=3875 outsize=847 ok=1
Cmd: preprocess
  insize=3875 outsize=847 ok=1
Cmd: preprocess
  insize=4487 outsize=845 ok=1
Cmd: preprocess
  insize=6399 outsize=852 ok=1
Cmd: preprocess
  insize=3875 outsize=847 ok=1
Cmd: preprocess
  insize=3875 outsize=847 ok=1
Cmd: preprocess
  insize=3875 outsize=847 ok=1
Cmd: preprocess
  insize=5035 outsize=850 ok=1
Cmd: preprocess
  insize=4317 outsize=853 ok=1
Cmd: preprocess
  insize=3875 outsize=847 ok=1
Cmd: preprocess
  insize=3873 outsize=847 ok=1
Cmd: preprocess
  insize=4488 outsize=844 ok=1
Cmd: preprocess
  insize=3876 outsize=847 ok=1
Cmd: preprocess
  insize=3876 outsize=847 ok=1
Cmd: preprocess
  insize=3876 outsize=847 ok=1
Cmd: preprocess
  insize=811 outsize=209 ok=1
Cmd: preprocess
  insize=811 outsize=209 ok=1
Cmd: preprocess
  insize=811 outsize=209 ok=1
Cmd: preprocess
  insize=811 outsize=209 ok=1
Cmd: preprocess
  insize=811 outsize=209 ok=1
Cmd: preprocess
  insize=811 outsize=209 ok=1
Cmd: preprocess
  insize=811 outsize=209 ok=1
Cmd: preprocess
  insize=811 outsize=209 ok=1
Cmd: preprocess
  insize=811 outsize=209 ok=1
Cmd: preprocess
  insize=811 outsize=209 ok=1
Cmd: preprocess
  insize=811 outsize=209 ok=1
Cmd: preprocess
  insize=811 outsize=209 ok=1
Cmd: preprocess
  insize=811 outsize=209 ok=1
Cmd: preprocess
  insize=811 outsize=209 ok=1
Cmd: preprocess
  insize=811 outsize=209 ok=1
Cmd: preprocess
  insize=811 outsize=209 ok=1
Cmd: preprocess
  insize=811 outsize=209 ok=1
Cmd: preprocess
  insize=811 outsize=209 ok=1
Cmd: preprocess
  insize=811 outsize=209 ok=1
Cmd: preprocess
  insize=811 outsize=209 ok=1
Cmd: preprocess
  insize=811 outsize=209 ok=1
Cmd: preprocess
  insize=811 outsize=209 ok=1
Cmd: preprocess
  insize=811 outsize=209 ok=1
Cmd: preprocess
  insize=811 outsize=209 ok=1
Cmd: preprocess
  insize=811 outsize=209 ok=1
Cmd: preprocess
  insize=811 outsize=209 ok=1
Cmd: preprocess
  insize=811 outsize=209 ok=1
Cmd: preprocess
  insize=811 outsize=209 ok=1
Cmd: preprocess
  insize=811 outsize=209 ok=1
Cmd: preprocess
  insize=811 outsize=209 ok=1
Cmd: preprocess
  insize=811 outsize=209 ok=1
Cmd: preprocess
  insize=811 outsize=209 ok=1
Cmd: preprocess
  insize=811 outsize=209 ok=1
Cmd: preprocess
  insize=811 outsize=209 ok=1
Cmd: preprocess
  insize=811 outsize=209 ok=1
Cmd: preprocess
  insize=811 outsize=209 ok=1
Cmd: preprocess
  insize=811 outsize=209 ok=1
Cmd: preprocess
  insize=811 outsize=209 ok=1
Cmd: preprocess
  insize=811 outsize=209 ok=1
Cmd: preprocess
  insize=811 outsize=209 ok=1
Cmd: preprocess
  insize=811 outsize=209 ok=1
Cmd: preprocess
  insize=811 outsize=209 ok=1
Cmd: preprocess
  insize=811 outsize=209 ok=1
Cmd: preprocess
  insize=811 outsize=209 ok=1
Cmd: preprocess
  insize=811 outsize=209 ok=1
Cmd: preprocess
  insize=811 outsize=209 ok=1
Cmd: preprocess
  insize=811 outsize=209 ok=1
Cmd: preprocess
  insize=811 outsize=209 ok=1
Cmd: preprocess
  insize=811 outsize=209 ok=1
Cmd: preprocess
  insize=811 outsize=209 ok=1
Cmd: preprocess
  insize=811 outsize=209 ok=1
Cmd: preprocess
  insize=811 outsize=209 ok=1
Cmd: preprocess
  insize=811 outsize=209 ok=1
Cmd: preprocess
  insize=811 outsize=209 ok=1
Cmd: preprocess
  insize=811 outsize=209 ok=1
Cmd: preprocess
  insize=811 outsize=209 ok=1
Cmd: preprocess
  insize=811 outsize=209 ok=1
Cmd: preprocess
  insize=811 outsize=209 ok=1
Cmd: preprocess
  insize=811 outsize=209 ok=1
Cmd: preprocess
  insize=811 outsize=209 ok=1
Cmd: preprocess
  insize=811 outsize=209 ok=1
Cmd: preprocess
  insize=811 outsize=209 ok=1
Cmd: preprocess
  insize=811 outsize=209 ok=1
Cmd: preprocess
  insize=811 outsize=209 ok=1
Cmd: preprocess
  insize=811 outsize=209 ok=1
Cmd: preprocess
  insize=811 outsize=209 ok=1
Cmd: preprocess
  insize=811 outsize=209 ok=1
Cmd: preprocess
  insize=811 outsize=209 ok=1
Cmd: preprocess
  insize=811 outsize=209 ok=1
Cmd: preprocess
  insize=811 outsize=209 ok=1
Cmd: preprocess
  insize=811 outsize=209 ok=1
Cmd: preprocess
  insize=811 outsize=209 ok=1
Cmd: preprocess
  insize=811 outsize=209 ok=1
Cmd: preprocess
  insize=811 outsize=209 ok=1
Cmd: preprocess
  insize=811 outsize=209 ok=1
Cmd: preprocess
  insize=811 outsize=209 ok=1
Cmd: preprocess
  insize=811 outsize=209 ok=1
Cmd: preprocess
  insize=811 outsize=209 ok=1
Cmd: preprocess
  insize=811 outsize=209 ok=1
Cmd: preprocess
  insize=811 outsize=209 ok=1
Cmd: preprocess
  insize=811 outsize=209 ok=1
Cmd: preprocess
  insize=811 outsize=209 ok=1
Cmd: preprocess
  insize=811 outsize=209 ok=1
Cmd: preprocess
  insize=811 outsize=209 ok=1
Cmd: preprocess
  insize=811 outsize=209 ok=1
Cmd: preprocess
  insize=811 outsize=209 ok=1
Cmd: preprocess
  insize=811 outsize=209 ok=1
Cmd: preprocess
  insize=811 outsize=209 ok=1
Cmd: preprocess
  insize=811 outsize=209 ok=1
Cmd: preprocess
  insize=811 outsize=209 ok=1
Cmd: preprocess
  insize=811 outsize=209 ok=1
Cmd: preprocess
  insize=811 outsize=209 ok=1
Cmd: preprocess
  insize=811 outsize=209 ok=1
Cmd: preprocess
  insize=811 outsize=209 ok=1
Cmd: preprocess
  insize=811 outsize=209 ok=1
Cmd: preprocess
  insize=811 outsize=209 ok=1
Cmd: preprocess
  insize=811 outsize=209 ok=1
Cmd: preprocess
  insize=20405 outsize=852 ok=1
Cmd: preprocess
  insize=19962 outsize=852 ok=1
Cmd: preprocess
  insize=4492 outsize=845 ok=1
Cmd: preprocess
  insize=3876 outsize=846 ok=1
Cmd: preprocess
  insize=3876 outsize=847 ok=1
Cmd: preprocess
  insize=4490 outsize=845 ok=1
Cmd: preprocess
  insize=17985 outsize=851 ok=1
Cmd: preprocess
  insize=15754 outsize=851 ok=1
Cmd: preprocess
  insize=3876 outsize=847 ok=1
Cmd: preprocess
  insize=4488 outsize=844 ok=1
Cmd: preprocess
  insize=3876 outsize=847 ok=1
Cmd: preprocess
  insize=14647 outsize=852 ok=1
Cmd: preprocess
  insize=3875 outsize=847 ok=1
Cmd: preprocess
  insize=4487 outsize=845 ok=1
Cmd: preprocess
  insize=4487 outsize=845 ok=1
Cmd: preprocess
  insize=3875 outsize=847 ok=1
Cmd: preprocess
  insize=3875 outsize=847 ok=1
Cmd: preprocess
  insize=87686 outsize=2306 ok=1
Cmd: preprocess
  insize=4317 outsize=853 ok=1
Cmd: preprocess
  insize=5035 outsize=850 ok=1
Cmd: preprocess
  insize=6399 outsize=852 ok=1
Cmd: preprocess
  insize=7511 outsize=852 ok=1
Cmd: preprocess
  insize=8625 outsize=852 ok=1
Cmd: preprocess
  insize=9730 outsize=851 ok=1
Cmd: preprocess
  insize=10844 outsize=852 ok=1
Cmd: preprocess
  insize=11958 outsize=852 ok=1
Cmd: preprocess
  insize=3873 outsize=847 ok=1
Cmd: preprocess
  insize=4489 outsize=845 ok=1
Cmd: preprocess
  insize=13072 outsize=852 ok=1
Cmd: preprocess
  insize=3875 outsize=847 ok=1
Cmd: preprocess
  insize=3875 outsize=847 ok=1
Cmd: preprocess
  insize=4477 outsize=840 ok=1
Cmd: preprocess
  insize=3875 outsize=847 ok=1
Cmd: preprocess
  insize=4489 outsize=845 ok=1
Cmd: preprocess
  insize=4489 outsize=845 ok=1
Cmd: preprocess
  insize=3875 outsize=847 ok=1
Cmd: preprocess
  insize=4489 outsize=845 ok=1
Cmd: preprocess
  insize=3875 outsize=847 ok=1
Cmd: preprocess
  insize=13533 outsize=852 ok=1
Cmd: preprocess
  insize=18446 outsize=852 ok=1
Cmd: preprocess
  insize=3875 outsize=847 ok=1
Cmd: preprocess
  insize=3875 outsize=847 ok=1
Cmd: preprocess
  insize=3875 outsize=847 ok=1
Cmd: preprocess
  insize=3875 outsize=847 ok=1
Cmd: preprocess
  insize=3875 outsize=847 ok=1
Cmd: preprocess
  insize=3876 outsize=847 ok=1
Cmd: preprocess
  insize=3876 outsize=846 ok=1
Cmd: preprocess
  insize=16870 outsize=852 ok=1
Cmd: preprocess
  insize=3876 outsize=847 ok=1
Cmd: preprocess
  insize=4490 outsize=845 ok=1
Cmd: preprocess
  insize=3876 outsize=847 ok=1
Cmd: preprocess
  insize=3870 outsize=846 ok=1
Cmd: preprocess
  insize=3876 outsize=847 ok=1
Cmd: preprocess
  insize=4431 outsize=845 ok=1
Cmd: preprocess
  insize=19502 outsize=851 ok=1
Cmd: preprocess
  insize=3870 outsize=846 ok=1
Cmd: preprocess
  insize=3876 outsize=847 ok=1
Cmd: preprocess
  insize=4431 outsize=845 ok=1
Cmd: preprocess
  insize=19502 outsize=851 ok=1
Cmd: preprocess
  insize=19962 outsize=852 ok=1
Cmd: preprocess
  insize=20405 outsize=852 ok=1
Cmd: preprocess
  insize=87686 outsize=2306 ok=1
Cmd: preprocess
  insize=18446 outsize=852 ok=1
Cmd: preprocess
  insize=3876 outsize=847 ok=1
Cmd: preprocess
  insize=4490 outsize=845 ok=1
Cmd: preprocess
  insize=17985 outsize=851 ok=1
Cmd: preprocess
  insize=3876 outsize=847 ok=1
Cmd: preprocess
  insize=3876 outsize=846 ok=1
Cmd: preprocess
  insize=4490 outsize=845 ok=1
Cmd: preprocess
  insize=16870 outsize=852 ok=1
Cmd: preprocess
  insize=3876 outsize=847 ok=1
Cmd: preprocess
  insize=3876 outsize=846 ok=1
Cmd: preprocess
  insize=4492 outsize=845 ok=1
Cmd: preprocess
  insize=15754 outsize=851 ok=1
Cmd: preprocess
  insize=3875 outsize=847 ok=1
Cmd: preprocess
  insize=4489 outsize=845 ok=1
Cmd: preprocess
  insize=13072 outsize=852 ok=1
Cmd: preprocess
  insize=13533 outsize=852 ok=1
Cmd: preprocess
  insize=14647 outsize=852 ok=1
Cmd: preprocess
  insize=3875 outsize=847 ok=1
Cmd: preprocess
  insize=4489 outsize=845 ok=1
Cmd: preprocess
  insize=11958 outsize=852 ok=1
Cmd: preprocess
  insize=3875 outsize=847 ok=1
Cmd: preprocess
  insize=4489 outsize=845 ok=1
Cmd: preprocess
  insize=10844 outsize=852 ok=1
Cmd: preprocess
  insize=3875 outsize=847 ok=1
Cmd: preprocess
  insize=4477 outsize=840 ok=1
Cmd: preprocess
  insize=9730 outsize=851 ok=1
Cmd: preprocess
  insize=3875 outsize=847 ok=1
Cmd: preprocess
  insize=4489 outsize=845 ok=1
Cmd: preprocess
  insize=8625 outsize=852 ok=1
Cmd: preprocess
  insize=3875 outsize=847 ok=1
Cmd: preprocess
  insize=4487 outsize=845 ok=1
Cmd: preprocess
  insize=7511 outsize=852 ok=1
Cmd: preprocess
  insize=3875 outsize=847 ok=1
Cmd: preprocess
  insize=3875 outsize=847 ok=1
Cmd: preprocess
  insize=3875 outsize=847 ok=1
Cmd: preprocess
  insize=4487 outsize=845 ok=1
Cmd: preprocess
  insize=6399 outsize=852 ok=1
Cmd: preprocess
  insize=3875 outsize=847 ok=1
Cmd: preprocess
  insize=3875 outsize=847 ok=1
Cmd: preprocess
  insize=3875 outsize=847 ok=1
Cmd: preprocess
  insize=5035 outsize=850 ok=1
Cmd: preprocess
  insize=4317 outsize=853 ok=1
Cmd: preprocess
  insize=3875 outsize=847 ok=1
Cmd: preprocess
  insize=3873 outsize=847 ok=1
Cmd: preprocess
  insize=4488 outsize=844 ok=1
Cmd: preprocess
  insize=3876 outsize=847 ok=1
Cmd: preprocess
  insize=3876 outsize=847 ok=1
Cmd: preprocess
  insize=3876 outsize=847 ok=1
Cmd: preprocess
  insize=811 outsize=209 ok=1
Cmd: preprocess
  insize=811 outsize=209 ok=1
Cmd: preprocess
  insize=811 outsize=209 ok=1
Cmd: preprocess
  insize=811 outsize=209 ok=1
Cmd: preprocess
  insize=811 outsize=209 ok=1
Cmd: preprocess
  insize=811 outsize=209 ok=1
Cmd: preprocess
  insize=811 outsize=209 ok=1
Cmd: preprocess
  insize=811 outsize=209 ok=1
Cmd: preprocess
  insize=811 outsize=209 ok=1
Cmd: preprocess
  insize=811 outsize=209 ok=1
Cmd: preprocess
  insize=811 outsize=209 ok=1
Cmd: preprocess
  insize=811 outsize=209 ok=1
Cmd: preprocess
  insize=811 outsize=209 ok=1
Cmd: preprocess
  insize=811 outsize=209 ok=1
Cmd: preprocess
  insize=811 outsize=209 ok=1
Cmd: preprocess
  insize=811 outsize=209 ok=1
Cmd: preprocess
  insize=811 outsize=209 ok=1
Cmd: preprocess
  insize=811 outsize=209 ok=1
Cmd: preprocess
  insize=811 outsize=209 ok=1
Cmd: preprocess
  insize=811 outsize=209 ok=1
Cmd: preprocess
  insize=811 outsize=209 ok=1
Cmd: preprocess
  insize=811 outsize=209 ok=1
Cmd: preprocess
  insize=811 outsize=209 ok=1
Cmd: preprocess
  insize=811 outsize=209 ok=1
Cmd: preprocess
  insize=811 outsize=209 ok=1
Cmd: preprocess
  insize=811 outsize=209 ok=1
Cmd: preprocess
  insize=811 outsize=209 ok=1
Cmd: preprocess
  insize=811 outsize=209 ok=1
Cmd: preprocess
  insize=811 outsize=209 ok=1
Cmd: preprocess
  insize=811 outsize=209 ok=1
Cmd: preprocess
  insize=811 outsize=209 ok=1
Cmd: preprocess
  insize=811 outsize=209 ok=1
Cmd: preprocess
  insize=811 outsize=209 ok=1
Cmd: preprocess
  insize=811 outsize=209 ok=1
Cmd: preprocess
  insize=811 outsize=209 ok=1
Cmd: preprocess
  insize=811 outsize=209 ok=1
Cmd: preprocess
  insize=811 outsize=209 ok=1
Cmd: preprocess
  insize=811 outsize=209 ok=1
Cmd: preprocess
  insize=811 outsize=209 ok=1
Cmd: preprocess
  insize=811 outsize=209 ok=1
Cmd: preprocess
  insize=811 outsize=209 ok=1
Cmd: preprocess
  insize=811 outsize=209 ok=1
Cmd: preprocess
  insize=811 outsize=209 ok=1
Cmd: preprocess
  insize=811 outsize=209 ok=1
Cmd: preprocess
  insize=811 outsize=209 ok=1
Cmd: preprocess
  insize=811 outsize=209 ok=1
Cmd: preprocess
  insize=811 outsize=209 ok=1
Cmd: preprocess
  insize=811 outsize=209 ok=1
Cmd: preprocess
  insize=811 outsize=209 ok=1
Cmd: preprocess
  insize=811 outsize=209 ok=1
Cmd: preprocess
  insize=811 outsize=209 ok=1
Cmd: preprocess
  insize=811 outsize=209 ok=1
Cmd: preprocess
  insize=811 outsize=209 ok=1
Cmd: preprocess
  insize=811 outsize=209 ok=1
Cmd: preprocess
  insize=811 outsize=209 ok=1
Cmd: preprocess
  insize=811 outsize=209 ok=1
Cmd: preprocess
  insize=811 outsize=209 ok=1
Cmd: preprocess
  insize=811 outsize=209 ok=1
Cmd: preprocess
  insize=811 outsize=209 ok=1
Cmd: preprocess
  insize=811 outsize=209 ok=1
Cmd: preprocess
  insize=811 outsize=209 ok=1
Cmd: preprocess
  insize=811 outsize=209 ok=1
Cmd: preprocess
  insize=811 outsize=209 ok=1
Cmd: preprocess
  insize=811 outsize=209 ok=1
Cmd: preprocess
  insize=811 outsize=209 ok=1
Cmd: preprocess
  insize=811 outsize=209 ok=1
Cmd: preprocess
  insize=811 outsize=209 ok=1
Cmd: preprocess
  insize=811 outsize=209 ok=1
Cmd: preprocess
  insize=811 outsize=209 ok=1
Cmd: preprocess
  insize=811 outsize=209 ok=1
Cmd: preprocess
  insize=811 outsize=209 ok=1
Cmd: preprocess
  insize=811 outsize=209 ok=1
Cmd: preprocess
  insize=811 outsize=209 ok=1
Cmd: preprocess
  insize=811 outsize=209 ok=1
Cmd: preprocess
  insize=811 outsize=209 ok=1
Cmd: preprocess
  insize=811 outsize=209 ok=1
Cmd: preprocess
  insize=811 outsize=209 ok=1
Cmd: preprocess
  insize=811 outsize=209 ok=1
Cmd: preprocess
  insize=811 outsize=209 ok=1
Cmd: preprocess
  insize=811 outsize=209 ok=1
Cmd: preprocess
  insize=811 outsize=209 ok=1
Cmd: preprocess
  insize=811 outsize=209 ok=1
Cmd: preprocess
  insize=811 outsize=209 ok=1
Cmd: preprocess
  insize=811 outsize=209 ok=1
Cmd: preprocess
  insize=811 outsize=209 ok=1
Cmd: preprocess
  insize=811 outsize=209 ok=1
Cmd: preprocess
  insize=811 outsize=209 ok=1
Cmd: preprocess
  insize=811 outsize=209 ok=1
Cmd: preprocess
  insize=811 outsize=209 ok=1
Cmd: preprocess
  insize=811 outsize=209 ok=1
Cmd: preprocess
  insize=811 outsize=209 ok=1
Cmd: preprocess
  insize=811 outsize=209 ok=1
Cmd: preprocess
  insize=811 outsize=209 ok=1
Cmd: preprocess
  insize=811 outsize=209 ok=1
Cmd: preprocess
  insize=811 outsize=209 ok=1
Cmd: preprocess
  insize=811 outsize=209 ok=1
Cmd: preprocess
  insize=811 outsize=209 ok=1
Cmd: preprocess
  insize=20405 outsize=852 ok=1
Cmd: preprocess
  insize=19962 outsize=852 ok=1
Cmd: preprocess
  insize=4492 outsize=845 ok=1
Cmd: preprocess
  insize=3876 outsize=846 ok=1
Cmd: preprocess
  insize=3876 outsize=847 ok=1
Cmd: preprocess
  insize=4490 outsize=845 ok=1
Cmd: preprocess
  insize=17985 outsize=851 ok=1
Cmd: preprocess
  insize=15754 outsize=851 ok=1
Cmd: preprocess
  insize=3876 outsize=847 ok=1
Cmd: preprocess
  insize=4488 outsize=844 ok=1
Cmd: preprocess
  insize=3876 outsize=847 ok=1
Cmd: preprocess
  insize=14647 outsize=852 ok=1
Cmd: preprocess
  insize=3875 outsize=847 ok=1
Cmd: preprocess
  insize=4487 outsize=845 ok=1
Cmd: preprocess
  insize=4487 outsize=845 ok=1
Cmd: preprocess
  insize=3875 outsize=847 ok=1
Cmd: preprocess
  insize=3875 outsize=847 ok=1
Cmd: preprocess
  insize=87686 outsize=2306 ok=1
Cmd: preprocess
  insize=4317 outsize=853 ok=1
Cmd: preprocess
  insize=5035 outsize=850 ok=1
Cmd: preprocess
  insize=6399 outsize=852 ok=1
Cmd: preprocess
  insize=7511 outsize=852 ok=1
Cmd: preprocess
  insize=8625 outsize=852 ok=1
Cmd: preprocess
  insize=9730 outsize=851 ok=1
Cmd: preprocess
  insize=10844 outsize=852 ok=1
Cmd: preprocess
  insize=11958 outsize=852 ok=1
Cmd: preprocess
  insize=3873 outsize=847 ok=1
Cmd: preprocess
  insize=4489 outsize=845 ok=1
Cmd: preprocess
  insize=13072 outsize=852 ok=1
Cmd: preprocess
  insize=3875 outsize=847 ok=1
Cmd: preprocess
  insize=3875 outsize=847 ok=1
Cmd: preprocess
  insize=4477 outsize=840 ok=1
Cmd: preprocess
  insize=3875 outsize=847 ok=1
Cmd: preprocess
  insize=4489 outsize=845 ok=1
Cmd: preprocess
  insize=4489 outsize=845 ok=1
Cmd: preprocess
  insize=3875 outsize=847 ok=1
Cmd: preprocess
  insize=4489 outsize=845 ok=1
Cmd: preprocess
  insize=3875 outsize=847 ok=1
Cmd: preprocess
  insize=13533 outsize=852 ok=1
Cmd: preprocess
  insize=18446 outsize=852 ok=1
Cmd: preprocess
  insize=3875 outsize=847 ok=1
Cmd: preprocess
  insize=3875 outsize=847 ok=1
Cmd: preprocess
  insize=3875 outsize=847 ok=1
Cmd: preprocess
  insize=3875 outsize=847 ok=1
Cmd: preprocess
  insize=3875 outsize=847 ok=1
Cmd: preprocess
  insize=3876 outsize=847 ok=1
Cmd: preprocess
  insize=3876 outsize=846 ok=1
Cmd: preprocess
  insize=16870 outsize=852 ok=1
Cmd: preprocess
  insize=3876 outsize=847 ok=1
Cmd: preprocess
  insize=4490 outsize=845 ok=1
Cmd: preprocess
  insize=3876 outsize=847 ok=1
Cmd: preprocess
  insize=3870 outsize=846 ok=1
Cmd: preprocess
  insize=3876 outsize=847 ok=1
Cmd: preprocess
  insize=4431 outsize=845 ok=1
Cmd: preprocess
  insize=19502 outsize=851 ok=1
Cmd: preprocess
  insize=3870 outsize=846 ok=1
Cmd: preprocess
  insize=3876 outsize=847 ok=1
Cmd: preprocess
  insize=4431 outsize=845 ok=1
Cmd: preprocess
  insize=19502 outsize=851 ok=1
Cmd: preprocess
  insize=19962 outsize=852 ok=1
Cmd: preprocess
  insize=20405 outsize=852 ok=1
Cmd: preprocess
  insize=87686 outsize=2306 ok=1
Cmd: preprocess
  insize=18446 outsize=852 ok=1
Cmd: preprocess
  insize=3876 outsize=847 ok=1
Cmd: preprocess
  insize=4490 outsize=845 ok=1
Cmd: preprocess
  insize=17985 outsize=851 ok=1
Cmd: preprocess
  insize=3876 outsize=847 ok=1
Cmd: preprocess
  insize=3876 outsize=846 ok=1
Cmd: preprocess
  insize=4490 outsize=845 ok=1
Cmd: preprocess
  insize=16870 outsize=852 ok=1
Cmd: preprocess
  insize=3876 outsize=847 ok=1
Cmd: preprocess
  insize=3876 outsize=846 ok=1
Cmd: preprocess
  insize=4492 outsize=845 ok=1
Cmd: preprocess
  insize=15754 outsize=851 ok=1
Cmd: preprocess
  insize=3875 outsize=847 ok=1
Cmd: preprocess
  insize=4489 outsize=845 ok=1
Cmd: preprocess
  insize=13072 outsize=852 ok=1
Cmd: preprocess
  insize=13533 outsize=852 ok=1
Cmd: preprocess
  insize=14647 outsize=852 ok=1
Cmd: preprocess
  insize=3875 outsize=847 ok=1
Cmd: preprocess
  insize=4489 outsize=845 ok=1
Cmd: preprocess
  insize=11958 outsize=852 ok=1
Cmd: preprocess
  insize=3875 outsize=847 ok=1
Cmd: preprocess
  insize=4489 outsize=845 ok=1
Cmd: preprocess
  insize=10844 outsize=852 ok=1
Cmd: preprocess
  insize=3875 outsize=847 ok=1
Cmd: preprocess
  insize=4477 outsize=840 ok=1
Cmd: preprocess
  insize=9730 outsize=851 ok=1
Cmd: preprocess
  insize=3875 outsize=847 ok=1
Cmd: preprocess
  insize=4489 outsize=845 ok=1
Cmd: preprocess
  insize=8625 outsize=852 ok=1
Cmd: preprocess
  insize=3875 outsize=847 ok=1
Cmd: preprocess
  insize=4487 outsize=845 ok=1
Cmd: preprocess
  insize=7511 outsize=852 ok=1
Cmd: preprocess
  insize=3875 outsize=847 ok=1
Cmd: preprocess
  insize=3875 outsize=847 ok=1
Cmd: preprocess
  insize=3875 outsize=847 ok=1
Cmd: preprocess
  insize=4487 outsize=845 ok=1
Cmd: preprocess
  insize=6399 outsize=852 ok=1
Cmd: preprocess
  insize=3875 outsize=847 ok=1
Cmd: preprocess
  insize=3875 outsize=847 ok=1
Cmd: preprocess
  insize=3875 outsize=847 ok=1
Cmd: preprocess
  insize=5035 outsize=850 ok=1
Cmd: preprocess
  insize=4317 outsize=853 ok=1
Cmd: preprocess
  insize=3875 outsize=847 ok=1
Cmd: preprocess
  insize=3873 outsize=847 ok=1
Cmd: preprocess
  insize=4488 outsize=844 ok=1
Cmd: preprocess
  insize=3876 outsize=847 ok=1
Cmd: preprocess
  insize=3876 outsize=847 ok=1
Cmd: preprocess
  insize=3876 outsize=847 ok=1
Cmd: compileSnippet
  api=4 type=0 insize=25442 outsize=978 kw=USE_SHAPE_LIGHT_TYPE_0 USE_SHAPE_LIGHT_TYPE_1 USE_SHAPE_LIGHT_TYPE_3 pd=UNITY_ENABLE_REFLECTION_BUFFERS UNITY_USE_DITHER_MASK_FOR_ALPHABLENDED_SHADOWS UNITY_PBS_USE_BRDF1 UNITY_SPECCUBE_BOX_PROJECTION UNITY_SPECCUBE_BLENDING UNITY_ENABLE_DETAIL_NORMALMAP SHADER_API_DESKTOP UNITY_COLORSPACE_GAMMA UNITY_LIGHT_PROBE_PROXY_VOLUME UNITY_LIGHTMAP_FULL_HDR ok=1
Cmd: compileSnippet
  api=4 type=0 insize=25442 outsize=978 kw=ETC1_EXTERNAL_ALPHA USE_SHAPE_LIGHT_TYPE_3 pd=UNITY_ENABLE_REFLECTION_BUFFERS UNITY_USE_DITHER_MASK_FOR_ALPHABLENDED_SHADOWS UNITY_PBS_USE_BRDF1 UNITY_SPECCUBE_BOX_PROJECTION UNITY_SPECCUBE_BLENDING UNITY_ENABLE_DETAIL_NORMALMAP SHADER_API_DESKTOP UNITY_COLORSPACE_GAMMA UNITY_LIGHT_PROBE_PROXY_VOLUME UNITY_LIGHTMAP_FULL_HDR ok=1
Cmd: compileSnippet
  api=4 type=0 insize=25442 outsize=978 kw=ETC1_EXTERNAL_ALPHA USE_SHAPE_LIGHT_TYPE_0 USE_SHAPE_LIGHT_TYPE_2 USE_SHAPE_LIGHT_TYPE_3 pd=UNITY_ENABLE_REFLECTION_BUFFERS UNITY_USE_DITHER_MASK_FOR_ALPHABLENDED_SHADOWS UNITY_PBS_USE_BRDF1 UNITY_SPECCUBE_BOX_PROJECTION UNITY_SPECCUBE_BLENDING UNITY_ENABLE_DETAIL_NORMALMAP SHADER_API_DESKTOP UNITY_COLORSPACE_GAMMA UNITY_LIGHT_PROBE_PROXY_VOLUME UNITY_LIGHTMAP_FULL_HDR ok=1
Cmd: compileSnippet
  api=4 type=1 insize=25442 outsize=6786 kw=USE_SHAPE_LIGHT_TYPE_1 USE_SHAPE_LIGHT_TYPE_2 pd=UNITY_ENABLE_REFLECTION_BUFFERS UNITY_USE_DITHER_MASK_FOR_ALPHABLENDED_SHADOWS UNITY_PBS_USE_BRDF1 UNITY_SPECCUBE_BOX_PROJECTION UNITY_SPECCUBE_BLENDING UNITY_ENABLE_DETAIL_NORMALMAP SHADER_API_DESKTOP UNITY_COLORSPACE_GAMMA UNITY_LIGHT_PROBE_PROXY_VOLUME UNITY_LIGHTMAP_FULL_HDR ok=1
Cmd: compileSnippet
  api=4 type=1 insize=25442 outsize=6922 kw=ETC1_EXTERNAL_ALPHA USE_SHAPE_LIGHT_TYPE_2 USE_SHAPE_LIGHT_TYPE_3 pd=UNITY_ENABLE_REFLECTION_BUFFERS UNITY_USE_DITHER_MASK_FOR_ALPHABLENDED_SHADOWS UNITY_PBS_USE_BRDF1 UNITY_SPECCUBE_BOX_PROJECTION UNITY_SPECCUBE_BLENDING UNITY_ENABLE_DETAIL_NORMALMAP SHADER_API_DESKTOP UNITY_COLORSPACE_GAMMA UNITY_LIGHT_PROBE_PROXY_VOLUME UNITY_LIGHTMAP_FULL_HDR ok=1
Cmd: compileSnippet
  api=4 type=0 insize=25048 outsize=1238 kw= pd=UNITY_ENABLE_REFLECTION_BUFFERS UNITY_USE_DITHER_MASK_FOR_ALPHABLENDED_SHADOWS UNITY_PBS_USE_BRDF1 UNITY_SPECCUBE_BOX_PROJECTION UNITY_SPECCUBE_BLENDING UNITY_ENABLE_DETAIL_NORMALMAP SHADER_API_DESKTOP UNITY_COLORSPACE_GAMMA UNITY_LIGHT_PROBE_PROXY_VOLUME UNITY_LIGHTMAP_FULL_HDR ok=1
Cmd: compileSnippet
  api=4 type=1 insize=25048 outsize=594 kw= pd=UNITY_ENABLE_REFLECTION_BUFFERS UNITY_USE_DITHER_MASK_FOR_ALPHABLENDED_SHADOWS UNITY_PBS_USE_BRDF1 UNITY_SPECCUBE_BOX_PROJECTION UNITY_SPECCUBE_BLENDING UNITY_ENABLE_DETAIL_NORMALMAP SHADER_API_DESKTOP UNITY_COLORSPACE_GAMMA UNITY_LIGHT_PROBE_PROXY_VOLUME UNITY_LIGHTMAP_FULL_HDR ok=1
Cmd: compileSnippet
  api=4 type=0 insize=24783 outsize=802 kw= pd=UNITY_ENABLE_REFLECTION_BUFFERS UNITY_USE_DITHER_MASK_FOR_ALPHABLENDED_SHADOWS UNITY_PBS_USE_BRDF1 UNITY_SPECCUBE_BOX_PROJECTION UNITY_SPECCUBE_BLENDING UNITY_ENABLE_DETAIL_NORMALMAP SHADER_API_DESKTOP UNITY_COLORSPACE_GAMMA UNITY_LIGHT_PROBE_PROXY_VOLUME UNITY_LIGHTMAP_FULL_HDR ok=1
Cmd: compileSnippet
  api=4 type=1 insize=24783 outsize=5642 kw= pd=UNITY_ENABLE_REFLECTION_BUFFERS UNITY_USE_DITHER_MASK_FOR_ALPHABLENDED_SHADOWS UNITY_PBS_USE_BRDF1 UNITY_SPECCUBE_BOX_PROJECTION UNITY_SPECCUBE_BLENDING UNITY_ENABLE_DETAIL_NORMALMAP SHADER_API_DESKTOP UNITY_COLORSPACE_GAMMA UNITY_LIGHT_PROBE_PROXY_VOLUME UNITY_LIGHTMAP_FULL_HDR ok=1
